2016-12-14 00:31:43,037 [Thread-15:17072] [autoo.views:139] [views:register] [ERROR]- local variable 'cleaned_data' referenced before assignment
2016-12-14 00:32:31,066 [Thread-16:16184] [autoo.views:139] [views:register] [ERROR]- local variable 'cleaned_data' referenced before assignment
2016-12-14 00:32:45,908 [Thread-17:14132] [autoo.views:139] [views:register] [ERROR]- local variable 'cleaned_data' referenced before assignment
2016-12-14 00:32:55,190 [Thread-18:15328] [autoo.views:139] [views:register] [ERROR]- ['所有项都为必填项']
2016-12-14 00:34:59,042 [Thread-26:12072] [autoo.views:139] [views:register] [ERROR]- local variable 'cleaned_data' referenced before assignment
2016-12-14 00:35:53,756 [Thread-2:7248] [autoo.views:139] [views:register] [ERROR]- ['所有项都为必填项']
2016-12-14 00:36:08,978 [Thread-3:16204] [autoo.views:139] [views:register] [ERROR]- ['所有项都为必填项']
2016-12-14 00:37:30,029 [Thread-8:15820] [autoo.views:139] [views:register] [ERROR]- ['所有项都为必填项']
2016-12-14 00:38:18,718 [Thread-14:12212] [autoo.views:139] [views:register] [ERROR]- ['所有项都为必填项']
2016-12-14 00:38:28,877 [Thread-15:17168] [autoo.views:139] [views:register] [ERROR]- ['所有项都为必填项']
2016-12-14 00:38:58,100 [Thread-16:16376] [autoo.views:139] [views:register] [ERROR]- ['所有项都为必填项']
2016-12-14 00:39:15,857 [Thread-22:15112] [autoo.views:139] [views:register] [ERROR]- ['所有项都为必填项']
2016-12-14 00:39:37,057 [Thread-23:15944] [autoo.views:139] [views:register] [ERROR]- ['所有项都为必填项']
2016-12-14 00:39:45,232 [Thread-24:15956] [autoo.views:139] [views:register] [ERROR]- ['所有项都为必填项']
2016-12-14 00:41:03,085 [Thread-2:13548] [autoo.views:139] [views:register] [ERROR]- ['所有项都为必填项']
2016-12-14 01:05:47,035 [Thread-2:16756] [autoo.views:138] [views:register] [ERROR]- ['所有项都为必填项']
2016-12-14 01:07:52,896 [Thread-2:18412] [autoo.views:138] [views:register] [ERROR]- ['所有项都为必填项']
2016-12-14 01:08:09,298 [Thread-4:9160] [autoo.views:138] [views:register] [ERROR]- ['所有项都为必填项']
2016-12-14 01:08:22,945 [Thread-2:14264] [autoo.views:138] [views:register] [ERROR]- ['所有项都为必填项']
2016-12-14 01:08:37,264 [Thread-2:15328] [autoo.views:138] [views:register] [ERROR]- ['所有项都为必填项']
2016-12-14 01:09:03,110 [Thread-3:18140] [autoo.views:138] [views:register] [ERROR]- ['所有项都为必填项']
2016-12-14 01:09:55,428 [Thread-4:18300] [autoo.views:138] [views:register] [ERROR]- (1062, "Duplicate entry 'tttttt' for key 'username'")
2016-12-14 01:15:19,638 [Thread-2:15724] [autoo.views:143] [views:register] [ERROR]- (1062, "Duplicate entry 'tttttt' for key 'username'")
2016-12-14 01:15:26,349 [Thread-3:14480] [autoo.views:143] [views:register] [ERROR]- (1062, "Duplicate entry 'tttttt' for key 'username'")
2016-12-14 01:16:41,625 [Thread-2:17392] [autoo.views:144] [views:register] [ERROR]- (1062, "Duplicate entry 'tttttt' for key 'username'")
2016-12-14 01:16:50,847 [Thread-3:17736] [autoo.views:144] [views:register] [ERROR]- (1062, "Duplicate entry 'tttttt' for key 'username'")
2016-12-14 01:20:19,920 [Thread-2:17764] [autoo.views:145] [views:register] [ERROR]- (1062, "Duplicate entry 'tttttt' for key 'username'")
2016-12-14 01:20:27,121 [Thread-3:18080] [autoo.views:145] [views:register] [ERROR]- (1062, "Duplicate entry 'tttttt' for key 'username'")
2016-12-14 01:21:19,464 [Thread-2:13096] [autoo.views:146] [views:register] [ERROR]- (1062, "Duplicate entry 'tttttt' for key 'username'")
2016-12-14 01:21:25,715 [Thread-3:16072] [autoo.views:146] [views:register] [ERROR]- (1062, "Duplicate entry 'tttttt' for key 'username'")
2016-12-14 01:23:27,993 [Thread-2:16936] [autoo.views:147] [views:register] [ERROR]- (1062, "Duplicate entry 'tttttt' for key 'username'")
2016-12-14 01:23:51,826 [Thread-3:13272] [autoo.views:147] [views:register] [ERROR]- (1062, "Duplicate entry 'tttttt' for key 'username'")
2016-12-14 01:29:41,363 [Thread-2:14996] [autoo.views:149] [views:register] [ERROR]- (1062, "Duplicate entry 'tttttt' for key 'username'")
2016-12-14 01:29:46,911 [Thread-3:17480] [autoo.views:149] [views:register] [ERROR]- (1062, "Duplicate entry 'tttttt' for key 'username'")
2016-12-17 23:58:07,250 [Thread-101:452] [autoo.views:139] [views:register] [ERROR]- ['所有项都为必填项']
2016-12-17 23:58:19,239 [Thread-102:16960] [autoo.views:139] [views:register] [ERROR]- ['所有项都为必填项']
2016-12-17 23:58:30,596 [Thread-103:14160] [autoo.views:139] [views:register] [ERROR]- Invalid block tag on line 295: 'elseif', expected 'else' or 'endifequal'. Did you forget to register or load this tag?
2016-12-18 00:00:45,297 [Thread-107:16656] [autoo.views:177] [views:manager] [ERROR]- Invalid block tag on line 295: 'elseif', expected 'else' or 'endifequal'. Did you forget to register or load this tag?
2016-12-18 00:00:55,302 [Thread-111:9724] [autoo.views:177] [views:manager] [ERROR]- Invalid block tag on line 295: 'elseif', expected 'else' or 'endifequal'. Did you forget to register or load this tag?
2016-12-18 00:02:29,760 [Thread-5:736] [autoo.views:177] [views:manager] [ERROR]- Invalid block tag on line 295: 'elseif', expected 'else' or 'endifequal'. Did you forget to register or load this tag?
2016-12-18 00:03:31,315 [Thread-9:15120] [autoo.views:177] [views:manager] [ERROR]- Invalid block tag on line 295: 'elseif', expected 'else' or 'endifequal'. Did you forget to register or load this tag?
2016-12-18 00:04:56,856 [Thread-3:13464] [autoo.views:69] [views:userlogin] [ERROR]- Invalid block tag on line 295: 'elseif', expected 'else' or 'endifequal'. Did you forget to register or load this tag?
2016-12-18 00:05:07,658 [Thread-4:15620] [autoo.views:69] [views:userlogin] [ERROR]- Invalid block tag on line 295: 'elseif', expected 'else' or 'endifequal'. Did you forget to register or load this tag?
2016-12-18 00:05:30,609 [Thread-12:9228] [autoo.views:69] [views:userlogin] [ERROR]- Invalid block tag on line 295: 'elseif', expected 'else' or 'endifequal'. Did you forget to register or load this tag?
2016-12-18 00:05:54,865 [Thread-15:9724] [autoo.views:69] [views:userlogin] [ERROR]- Invalid block tag on line 295: 'elseif', expected 'else' or 'endifequal'. Did you forget to register or load this tag?
2016-12-18 00:06:21,651 [Thread-16:16976] [autoo.views:69] [views:userlogin] [ERROR]- Invalid block tag on line 295: 'elseif', expected 'else' or 'endifequal'. Did you forget to register or load this tag?
2016-12-18 00:08:02,706 [Thread-13:16200] [autoo.views:178] [views:manager] [ERROR]- Invalid block tag on line 295: 'elseif', expected 'else' or 'endifequal'. Did you forget to register or load this tag?
2016-12-18 09:57:49,745 [Thread-14:8052] [autoo.views:143] [views:register] [ERROR]- manager() missing 2 required positional arguments: 'request' and 'user_name'
2016-12-18 09:59:06,824 [Thread-15:7808] [autoo.views:143] [views:register] [ERROR]- manager() missing 2 required positional arguments: 'request' and 'user_name'
2016-12-18 10:20:43,562 [Thread-8:12568] [autoo.views:143] [views:register] [ERROR]- ['所有项都为必填项']
